<?xml version="1.0" encoding="UTF-8"?>
<!-- Generated by org.testng.reporters.JUnitXMLReporter -->
<testsuite hostname="DESKTOP-PACOCH8" ignored="0" name="Maven Test" tests="8" failures="0" timestamp="22 Sep 2019 11:32:19 GMT" time="0.071" errors="0">
  <testcase name="div" time="0.013" classname="com.qa.tests.MavenDemo"/>
  <testcase name="mul" time="0.0" classname="com.qa.tests.MavenDemo"/>
  <testcase name="sub" time="0.0" classname="com.qa.tests.MavenDemo"/>
  <testcase name="sum" time="0.001" classname="com.qa.tests.MavenDemo"/>
  <testcase name="div" time="0.001" classname="com.qa.tests.MavenDemo2"/>
  <testcase name="mul" time="0.002" classname="com.qa.tests.MavenDemo2"/>
  <testcase name="sub" time="0.001" classname="com.qa.tests.MavenDemo2"/>
  <testcase name="sum" time="0.001" classname="com.qa.tests.MavenDemo2"/>
</testsuite> <!-- Maven Test -->
