<?xml version="1.0" encoding="UTF-8"?>
<testng-results skipped="0" failed="0" ignored="0" total="8" passed="8">
  <reporter-output>
  </reporter-output>
  <suite name="MavenTest Suite" duration-ms="71" started-at="2019-09-22T11:32:19Z" finished-at="2019-09-22T11:32:19Z">
    <groups>
    </groups>
    <test name="Maven Test" duration-ms="71" started-at="2019-09-22T11:32:19Z" finished-at="2019-09-22T11:32:19Z">
      <class name="com.qa.tests.MavenDemo2">
        <test-method status="PASS" signature="div()[pri:0, instance:com.qa.tests.MavenDemo2@2f7a2457]" name="div" duration-ms="1" started-at="2019-09-22T17:02:19Z" finished-at="2019-09-22T17:02:19Z">
          <reporter-output>
          </reporter-output>
        </test-method> <!-- div -->
        <test-method status="PASS" signature="mul()[pri:0, instance:com.qa.tests.MavenDemo2@2f7a2457]" name="mul" duration-ms="2" started-at="2019-09-22T17:02:19Z" finished-at="2019-09-22T17:02:19Z">
          <reporter-output>
          </reporter-output>
        </test-method> <!-- mul -->
        <test-method status="PASS" signature="sub()[pri:0, instance:com.qa.tests.MavenDemo2@2f7a2457]" name="sub" duration-ms="1" started-at="2019-09-22T17:02:19Z" finished-at="2019-09-22T17:02:19Z">
          <reporter-output>
          </reporter-output>
        </test-method> <!-- sub -->
        <test-method status="PASS" signature="sum()[pri:0, instance:com.qa.tests.MavenDemo2@2f7a2457]" name="sum" duration-ms="1" started-at="2019-09-22T17:02:19Z" finished-at="2019-09-22T17:02:19Z">
          <reporter-output>
          </reporter-output>
        </test-method> <!-- sum -->
      </class> <!-- com.qa.tests.MavenDemo2 -->
      <class name="com.qa.tests.MavenDemo">
        <test-method status="PASS" signature="div()[pri:0, instance:com.qa.tests.MavenDemo@35f983a6]" name="div" duration-ms="13" started-at="2019-09-22T17:02:19Z" finished-at="2019-09-22T17:02:19Z">
          <reporter-output>
          </reporter-output>
        </test-method> <!-- div -->
        <test-method status="PASS" signature="mul()[pri:0, instance:com.qa.tests.MavenDemo@35f983a6]" name="mul" duration-ms="0" started-at="2019-09-22T17:02:19Z" finished-at="2019-09-22T17:02:19Z">
          <reporter-output>
          </reporter-output>
        </test-method> <!-- mul -->
        <test-method status="PASS" signature="sub()[pri:0, instance:com.qa.tests.MavenDemo@35f983a6]" name="sub" duration-ms="0" started-at="2019-09-22T17:02:19Z" finished-at="2019-09-22T17:02:19Z">
          <reporter-output>
          </reporter-output>
        </test-method> <!-- sub -->
        <test-method status="PASS" signature="sum()[pri:0, instance:com.qa.tests.MavenDemo@35f983a6]" name="sum" duration-ms="1" started-at="2019-09-22T17:02:19Z" finished-at="2019-09-22T17:02:19Z">
          <reporter-output>
          </reporter-output>
        </test-method> <!-- sum -->
      </class> <!-- com.qa.tests.MavenDemo -->
    </test> <!-- Maven Test -->
  </suite> <!-- MavenTest Suite -->
</testng-results>
